[2015-10-25 21:27:47]
[Unsupported] Windows(R), CoreCountrySpecific edition(a9107544-f4a0-4053-a96a-1479abdef912) System: 10 Home China
[2015-10-25 21:28:35]
Microsoft (R) Windows Script Host Version 5.812
版权所有(C) Microsoft Corporation。保留所有权利。

---Processing--------------------------
---------------------------------------
Installed product key detected - attempting to activate the following product:
SKU ID: 41499869-4103-4d3b-9da6-d07df41b6e39
LICENSE NAME: Office 15, OfficeProPlusMSDNR_Retail edition
LICENSE DESCRIPTION: Office 15, RETAIL channel
Last 5 characters of installed product key: 9BQ6X
ERROR CODE: 0xC004C003
ERROR DESCRIPTION: The activation server determined the specified product key has been blocked.
NOTICE: A KB article has been detected for activation failure: 0xC004C003
FOR MORE INFORMATION PLEASE VISIT: http://support.microsoft.com/kb/2870357#Error0xC004C003
---------------------------------------
Installed product key detected - attempting to activate the following product:
SKU ID: b322da9c-a2e2-4058-9e4e-f59a6970bd69
LICENSE NAME: Office 15, OfficeProPlusVL_KMS_Client edition
LICENSE DESCRIPTION: Office 15, VOLUME_KMSCLIENT channel
Last 5 characters of installed product key: GVGXT
ERROR CODE: 0x800706BE
ERROR DESCRIPTION: Run the following: cscript ospp.vbs /ddescr:0x800706BE
---------------------------------------
---------------------------------------
---Exiting-----------------------------


